2012-09-30T17:51:36+00:00 DEBUG (7): Purged Varnish items with parameters array (
  'X-Purge-Host' => '^(www.varnish.com)$',
  'X-Purge-Regex' => '.*',
  'X-Purge-Content-Type' => '.*',
)
2012-09-30T17:51:41+00:00 DEBUG (7): Purged Varnish items with parameters array (
  'X-Purge-Host' => '^(www.varnish.com)$',
  'X-Purge-Regex' => '.*',
  'X-Purge-Content-Type' => '.*',
)
2012-09-30T17:53:15+00:00 DEBUG (7): Purged Varnish items with parameters array (
  'X-Purge-Host' => '^(www.varnish.com)$',
  'X-Purge-Regex' => '.*',
  'X-Purge-Content-Type' => '.*',
)
2012-09-30T17:53:20+00:00 DEBUG (7): Purged Varnish items with parameters array (
  'X-Purge-Host' => '^(www.varnish.com)$',
  'X-Purge-Regex' => '.*',
  'X-Purge-Content-Type' => '.*',
)
2012-09-30T19:38:27+00:00 DEBUG (7): Purged Varnish items with parameters array (
  'X-Purge-Host' => '^(www.varnish.com)$',
  'X-Purge-Regex' => '.*',
  'X-Purge-Content-Type' => '.*',
)
2012-09-30T19:38:37+00:00 DEBUG (7): Purged Varnish items with parameters array (
  'X-Purge-Host' => '^(www.varnish.com)$',
  'X-Purge-Regex' => '.*',
  'X-Purge-Content-Type' => '.*',
)
2012-09-30T19:39:56+00:00 DEBUG (7): Purged Varnish items with parameters array (
  'X-Purge-Host' => '^(www.varnish.com)$',
  'X-Purge-Regex' => '.*',
  'X-Purge-Content-Type' => '.*',
)
2012-09-30T19:43:40+00:00 DEBUG (7): Purged Varnish items with parameters array (
  'X-Purge-Host' => '^(www.varnish.com)$',
  'X-Purge-Regex' => '.*',
  'X-Purge-Content-Type' => '.*',
)
2012-09-30T20:05:21+00:00 DEBUG (7): Purged Varnish items with parameters array (
  'X-Purge-Host' => '^(www.varnish.com)$',
  'X-Purge-Regex' => '.*',
  'X-Purge-Content-Type' => '.*',
)
2012-10-01T09:38:00+00:00 DEBUG (7): Purged Varnish items with parameters array (
  'X-Purge-Host' => '^(www.varnish.com)$',
  'X-Purge-Regex' => '.*',
  'X-Purge-Content-Type' => '.*',
)
2012-10-01T22:52:54+00:00 DEBUG (7): Purged Varnish items with parameters array (
  'X-Purge-Host' => '^(www.varnish.com)$',
  'X-Purge-Regex' => '.*',
  'X-Purge-Content-Type' => '.*',
)
2012-10-02T13:07:39+00:00 DEBUG (7): Purging on server localhost failed (Return status 501).
2012-10-02T13:07:39+00:00 DEBUG (7): Purged Varnish items with parameters array (
  'X-Purge-Host' => '^(www.varnish.com)$',
  'X-Purge-Regex' => '.*',
  'X-Purge-Content-Type' => '.*',
)
2012-10-02T18:17:47+00:00 DEBUG (7): Purging on server localhost failed (Return status 501).
2012-10-02T18:17:47+00:00 DEBUG (7): Purged Varnish items with parameters array (
  'X-Purge-Host' => '^(www.varnish.com)$',
  'X-Purge-Regex' => '.*',
  'X-Purge-Content-Type' => '.*',
)
2012-10-02T19:42:41+00:00 DEBUG (7): Purging on server localhost failed (Return status 501).
2012-10-02T19:42:41+00:00 DEBUG (7): Purged Varnish items with parameters array (
  'X-Purge-Host' => '^(www.varnish.com)$',
  'X-Purge-Regex' => '.*',
  'X-Purge-Content-Type' => '.*',
)
2012-10-02T19:59:43+00:00 DEBUG (7): Purging on server localhost failed (Return status 501).
2012-10-02T19:59:43+00:00 DEBUG (7): Purged Varnish items with parameters array (
  'X-Purge-Host' => '^(www.varnish.com)$',
  'X-Purge-Regex' => '.*',
  'X-Purge-Content-Type' => '.*',
)
2012-10-02T22:13:59+00:00 DEBUG (7): Purging on server localhost failed (Return status 501).
2012-10-02T22:13:59+00:00 DEBUG (7): Purged Varnish items with parameters array (
  'X-Purge-Host' => '^(www.varnish.com)$',
  'X-Purge-Regex' => '.*',
  'X-Purge-Content-Type' => '.*',
)
2012-10-04T23:35:59+00:00 DEBUG (7): Purged Varnish items with parameters array (
  'X-Purge-Host' => '^(www.varnish.com)$',
  'X-Purge-Regex' => '.*',
  'X-Purge-Content-Type' => '.*',
)
2012-10-05T01:54:45+00:00 DEBUG (7): Purged Varnish items with parameters array (
  'X-Purge-Host' => '^(www.varnish.com)$',
  'X-Purge-Regex' => '.*',
  'X-Purge-Content-Type' => '.*',
)
2012-10-05T10:44:06+00:00 DEBUG (7): Purged Varnish items with parameters array (
  'X-Purge-Host' => '^(www.varnish.com)$',
  'X-Purge-Regex' => '.*',
  'X-Purge-Content-Type' => '.*',
)
